[10:36:36] [ServerMain/INFO]: [bootstrap] Running Java 21 (OpenJDK 64-Bit Server VM 21.0.4+7-LTS; Eclipse Adoptium Temurin-21.0.4+7) on Linux 6.10.4-linuxkit (aarch64)
[10:36:36] [ServerMain/INFO]: [bootstrap] Loading Paper 1.21.1-123-master@aebbdc9 (2024-10-16T14:15:18Z) for Minecraft 1.21.1
[10:36:36] [ServerMain/INFO]: [PluginInitializerManager] Initializing plugins...
[10:36:37] [ServerMain/INFO]: [PluginInitializerManager] Initialized 0 plugins
[10:36:40] [ServerMain/INFO]: Environment: Environment[sessionHost=https://sessionserver.mojang.com, servicesHost=https://api.minecraftservices.com, name=PROD]
[10:36:44] [ServerMain/INFO]: Loaded 1290 recipes
[10:36:44] [ServerMain/INFO]: Loaded 1399 advancements
[10:36:45] [Server thread/INFO]: Starting minecraft server version 1.21.1
[10:36:45] [Server thread/INFO]: Loading properties
[10:36:45] [Server thread/INFO]: This server is running Paper version 1.21.1-123-master@aebbdc9 (2024-10-16T14:15:18Z) (Implementing API version 1.21.1-R0.1-SNAPSHOT)
[10:36:45] [Server thread/INFO]: [spark] This server bundles the spark profiler. For more information please visit https://docs.papermc.io/paper/profiling
[10:36:45] [Server thread/INFO]: Server Ping Player Sample Count: 12
[10:36:45] [Server thread/INFO]: Using 4 threads for Netty based IO
[10:36:46] [Server thread/INFO]: [ChunkTaskScheduler] Chunk system is using 1 I/O threads, 2 worker threads, and population gen parallelism of 2 threads
[10:36:46] [Server thread/INFO]: Default game type: SURVIVAL
[10:36:46] [Server thread/INFO]: Generating keypair
[10:36:46] [Server thread/INFO]: Starting Minecraft server on *:25565
[10:36:46] [Server thread/INFO]: Using epoll channel type
[10:36:46] [Server thread/INFO]: Paper: Using libdeflate (Linux aarch64) compression from Velocity.
[10:36:46] [Server thread/INFO]: Paper: Using OpenSSL 3.x.x (Linux aarch64) cipher from Velocity.
[10:36:47] [Server thread/INFO]: Server permissions file permissions.yml is empty, ignoring it
[10:36:47] [Server thread/INFO]: Preparing level "world"
[10:36:48] [Server thread/INFO]: Preparing start region for dimension minecraft:overworld
[10:36:49] [Server thread/INFO]: Time elapsed: 1112 ms
[10:36:49] [Server thread/INFO]: Preparing start region for dimension minecraft:the_nether
[10:36:49] [Server thread/INFO]: Time elapsed: 116 ms
[10:36:49] [Server thread/INFO]: Preparing start region for dimension minecraft:the_end
[10:36:49] [Server thread/INFO]: Time elapsed: 99 ms
[10:36:50] [Server thread/INFO]: [spark] Starting background profiler...
[10:36:51] [Server thread/INFO]: Done preparing level "world" (4.669s)
[10:36:51] [Server thread/INFO]: Starting remote control listener
[10:36:51] [Server thread/INFO]: Thread RCON Listener started
[10:36:51] [Server thread/INFO]: RCON running on 0.0.0.0:50000
[10:36:51] [Server thread/INFO]: Running delayed init tasks
[10:36:51] [Server thread/INFO]: Done (17.080s)! For help, type "help"
[10:36:51] [Server thread/INFO]: Timings Reset
[10:37:10] [RCON Listener #1/INFO]: Thread RCON Client /0:0:0:0:0:0:0:1 started
[10:37:10] [Server thread/INFO]: [Rcon: Stopping the server]
[10:37:10] [Server thread/INFO]: Stopping server
[10:37:10] [RCON Client /0:0:0:0:0:0:0:1 #2/INFO]: Thread RCON Client /0:0:0:0:0:0:0:1 shutting down
[10:37:10] [Server thread/INFO]: Saving players
[10:37:10] [Server thread/INFO]: Saving worlds
[10:37:10] [Server thread/INFO]: Saving chunks for level 'ServerLevel[world]'/minecraft:overworld
[10:37:10] [Server thread/INFO]: [ChunkHolderManager] Waiting 60s for chunk system to halt for world 'world'
[10:37:10] [Server thread/INFO]: [ChunkHolderManager] Halted chunk system for world 'world'
[10:37:10] [Server thread/INFO]: [ChunkHolderManager] Saving all chunkholders for world 'world'
[10:37:11] [Server thread/INFO]: [ChunkHolderManager] Saved 49 block chunks, 49 entity chunks, 0 poi chunks in world 'world' in 0.38s
[10:37:11] [Server thread/INFO]: Saving chunks for level 'ServerLevel[world_nether]'/minecraft:the_nether
[10:37:11] [Server thread/INFO]: [ChunkHolderManager] Waiting 60s for chunk system to halt for world 'world_nether'
[10:37:11] [Server thread/INFO]: [ChunkHolderManager] Halted chunk system for world 'world_nether'
[10:37:11] [Server thread/INFO]: [ChunkHolderManager] Saving all chunkholders for world 'world_nether'
[10:37:11] [Server thread/INFO]: [ChunkHolderManager] Saved 49 block chunks, 49 entity chunks, 0 poi chunks in world 'world_nether' in 0.22s
[10:37:11] [Server thread/INFO]: Saving chunks for level 'ServerLevel[world_the_end]'/minecraft:the_end
[10:37:11] [Server thread/INFO]: [ChunkHolderManager] Waiting 60s for chunk system to halt for world 'world_the_end'
[10:37:11] [Server thread/INFO]: [ChunkHolderManager] Halted chunk system for world 'world_the_end'
[10:37:11] [Server thread/INFO]: [ChunkHolderManager] Saving all chunkholders for world 'world_the_end'
[10:37:11] [Server thread/INFO]: [ChunkHolderManager] Saved 49 block chunks, 49 entity chunks, 0 poi chunks in world 'world_the_end' in 0.07s
[10:37:11] [Server thread/INFO]: ThreadedAnvilChunkStorage (world): All chunks are saved
[10:37:11] [Server thread/INFO]: ThreadedAnvilChunkStorage (DIM-1): All chunks are saved
[10:37:11] [Server thread/INFO]: ThreadedAnvilChunkStorage (DIM1): All chunks are saved
[10:37:11] [Server thread/INFO]: ThreadedAnvilChunkStorage: All dimensions are saved
